  ebentoak.c
  graphics.c
  imagen.c
  soinua.c
  text.c
  bizitza.c
c:\development\pbl-1\pbl1\demo\bizitza.c(82): warning C4244: 'función': conversión de 'double' a 'int'; posible pérdida de datos
c:\development\pbl-1\pbl1\demo\bizitza.c(93): warning C4244: 'función': conversión de 'double' a 'int'; posible pérdida de datos
c:\development\pbl-1\pbl1\demo\bizitza.c(104): warning C4244: 'función': conversión de 'double' a 'int'; posible pérdida de datos
c:\development\pbl-1\pbl1\demo\bizitza.c(115): warning C4244: 'función': conversión de 'double' a 'int'; posible pérdida de datos
c:\development\pbl-1\pbl1\demo\bizitza.c(126): warning C4244: 'función': conversión de 'double' a 'int'; posible pérdida de datos
c:\development\pbl-1\pbl1\demo\bizitza.c(137): warning C4244: 'función': conversión de 'double' a 'int'; posible pérdida de datos
c:\development\pbl-1\pbl1\demo\bizitza.c(148): warning C4244: 'función': conversión de 'double' a 'int'; posible pérdida de datos
  death.c
c:\development\pbl-1\pbl1\demo\death.c(40): warning C4244: 'función': conversión de 'double' a 'int'; posible pérdida de datos
c:\development\pbl-1\pbl1\demo\death.c(41): warning C4244: 'función': conversión de 'double' a 'int'; posible pérdida de datos
c:\development\pbl-1\pbl1\demo\death.c(42): warning C4244: 'función': conversión de 'double' a 'int'; posible pérdida de datos
c:\development\pbl-1\pbl1\demo\death.c(43): warning C4244: 'función': conversión de 'double' a 'int'; posible pérdida de datos
c:\development\pbl-1\pbl1\demo\death.c(49): warning C4244: 'función': conversión de 'double' a 'int'; posible pérdida de datos
c:\development\pbl-1\pbl1\demo\death.c(55): warning C4244: 'función': conversión de 'double' a 'int'; posible pérdida de datos
c:\development\pbl-1\pbl1\demo\death.c(60): warning C4244: 'función': conversión de 'double' a 'int'; posible pérdida de datos
  dragoiak.c
c:\development\pbl-1\pbl1\demo\dragoiak.c(591): warning C4244: 'función': conversión de 'double' a 'int'; posible pérdida de datos
c:\development\pbl-1\pbl1\demo\dragoiak.c(600): warning C4244: 'función': conversión de 'double' a 'int'; posible pérdida de datos
c:\development\pbl-1\pbl1\demo\dragoiak.c(610): warning C4244: 'función': conversión de 'double' a 'int'; posible pérdida de datos
c:\development\pbl-1\pbl1\demo\dragoiak.c(620): warning C4244: 'función': conversión de 'double' a 'int'; posible pérdida de datos
c:\development\pbl-1\pbl1\demo\dragoiak.c(630): warning C4244: 'función': conversión de 'double' a 'int'; posible pérdida de datos
c:\development\pbl-1\pbl1\demo\dragoiak.c(640): warning C4244: 'función': conversión de 'double' a 'int'; posible pérdida de datos
c:\development\pbl-1\pbl1\demo\dragoiak.c(650): warning C4244: 'función': conversión de 'double' a 'int'; posible pérdida de datos
c:\development\pbl-1\pbl1\demo\dragoiak.c(660): warning C4244: 'función': conversión de 'double' a 'int'; posible pérdida de datos
c:\development\pbl-1\pbl1\demo\dragoiak.c(669): warning C4244: 'función': conversión de 'double' a 'int'; posible pérdida de datos
c:\development\pbl-1\pbl1\demo\dragoiak.c(679): warning C4244: 'función': conversión de 'double' a 'int'; posible pérdida de datos
c:\development\pbl-1\pbl1\demo\dragoiak.c(689): warning C4244: 'función': conversión de 'double' a 'int'; posible pérdida de datos
c:\development\pbl-1\pbl1\demo\dragoiak.c(699): warning C4244: 'función': conversión de 'double' a 'int'; posible pérdida de datos
c:\development\pbl-1\pbl1\demo\dragoiak.c(709): warning C4244: 'función': conversión de 'double' a 'int'; posible pérdida de datos
c:\development\pbl-1\pbl1\demo\dragoiak.c(719): warning C4244: 'función': conversión de 'double' a 'int'; posible pérdida de datos
c:\development\pbl-1\pbl1\demo\dragoiak.c(729): warning C4244: 'función': conversión de 'double' a 'int'; posible pérdida de datos
c:\development\pbl-1\pbl1\demo\dragoiak.c(739): warning C4244: 'función': conversión de 'double' a 'int'; posible pérdida de datos
  esqueleto.c
c:\development\pbl-1\pbl1\demo\esqueleto.c(41): warning C4244: '=': conversión de 'double' a 'int'; posible pérdida de datos
c:\development\pbl-1\pbl1\demo\esqueleto.c(49): warning C4244: '=': conversión de 'double' a 'int'; posible pérdida de datos
c:\development\pbl-1\pbl1\demo\esqueleto.c(73): warning C4244: '=': conversión de 'double' a 'int'; posible pérdida de datos
c:\development\pbl-1\pbl1\demo\esqueleto.c(81): warning C4244: '=': conversión de 'double' a 'int'; posible pérdida de datos
c:\development\pbl-1\pbl1\demo\esqueleto.c(106): warning C4244: '=': conversión de 'double' a 'int'; posible pérdida de datos
c:\development\pbl-1\pbl1\demo\esqueleto.c(114): warning C4244: '=': conversión de 'double' a 'int'; posible pérdida de datos
c:\development\pbl-1\pbl1\demo\esqueleto.c(300): warning C4244: 'función': conversión de 'double' a 'int'; posible pérdida de datos
c:\development\pbl-1\pbl1\demo\esqueleto.c(310): warning C4244: 'función': conversión de 'double' a 'int'; posible pérdida de datos
c:\development\pbl-1\pbl1\demo\esqueleto.c(320): warning C4244: 'función': conversión de 'double' a 'int'; posible pérdida de datos
c:\development\pbl-1\pbl1\demo\esqueleto.c(330): warning C4244: 'función': conversión de 'double' a 'int'; posible pérdida de datos
c:\development\pbl-1\pbl1\demo\esqueleto.c(340): warning C4244: 'función': conversión de 'double' a 'int'; posible pérdida de datos
c:\development\pbl-1\pbl1\demo\esqueleto.c(350): warning C4244: 'función': conversión de 'double' a 'int'; posible pérdida de datos
  jokalaria.c
c:\development\pbl-1\pbl1\demo\jokalaria.c(49): warning C4244: '=': conversión de 'double' a 'int'; posible pérdida de datos
c:\development\pbl-1\pbl1\demo\jokalaria.c(52): warning C4244: '=': conversión de 'double' a 'int'; posible pérdida de datos
c:\development\pbl-1\pbl1\demo\jokalaria.c(356): warning C4244: 'función': conversión de 'double' a 'int'; posible pérdida de datos
c:\development\pbl-1\pbl1\demo\jokalaria.c(368): warning C4244: 'función': conversión de 'double' a 'int'; posible pérdida de datos
c:\development\pbl-1\pbl1\demo\jokalaria.c(380): warning C4244: 'función': conversión de 'double' a 'int'; posible pérdida de datos
c:\development\pbl-1\pbl1\demo\jokalaria.c(392): warning C4244: 'función': conversión de 'double' a 'int'; posible pérdida de datos
c:\development\pbl-1\pbl1\demo\jokalaria.c(404): warning C4244: 'función': conversión de 'double' a 'int'; posible pérdida de datos
c:\development\pbl-1\pbl1\demo\jokalaria.c(416): warning C4244: 'función': conversión de 'double' a 'int'; posible pérdida de datos
c:\development\pbl-1\pbl1\demo\jokalaria.c(433): warning C4244: 'función': conversión de 'double' a 'int'; posible pérdida de datos
c:\development\pbl-1\pbl1\demo\jokalaria.c(441): warning C4244: 'función': conversión de 'double' a 'int'; posible pérdida de datos
c:\development\pbl-1\pbl1\demo\jokalaria.c(449): warning C4244: 'función': conversión de 'double' a 'int'; posible pérdida de datos
c:\development\pbl-1\pbl1\demo\jokalaria.c(458): warning C4244: 'función': conversión de 'double' a 'int'; posible pérdida de datos
c:\development\pbl-1\pbl1\demo\jokalaria.c(467): warning C4244: 'función': conversión de 'double' a 'int'; posible pérdida de datos
c:\development\pbl-1\pbl1\demo\jokalaria.c(475): warning C4244: 'función': conversión de 'double' a 'int'; posible pérdida de datos
c:\development\pbl-1\pbl1\demo\jokalaria.c(494): warning C4244: 'función': conversión de 'double' a 'int'; posible pérdida de datos
c:\development\pbl-1\pbl1\demo\jokalaria.c(503): warning C4244: 'función': conversión de 'double' a 'int'; posible pérdida de datos
c:\development\pbl-1\pbl1\demo\jokalaria.c(512): warning C4244: 'función': conversión de 'double' a 'int'; posible pérdida de datos
c:\development\pbl-1\pbl1\demo\jokalaria.c(521): warning C4244: 'función': conversión de 'double' a 'int'; posible pérdida de datos
c:\development\pbl-1\pbl1\demo\jokalaria.c(530): warning C4244: 'función': conversión de 'double' a 'int'; posible pérdida de datos
c:\development\pbl-1\pbl1\demo\jokalaria.c(538): warning C4244: 'función': conversión de 'double' a 'int'; posible pérdida de datos
  jokua.c
c:\development\pbl-1\pbl1\demo\jokua.c(68): warning C4244: 'función': conversión de 'double' a 'int'; posible pérdida de datos
c:\development\pbl-1\pbl1\demo\jokua.c(72): warning C4244: 'función': conversión de 'double' a 'int'; posible pérdida de datos
c:\development\pbl-1\pbl1\demo\jokua.c(106): warning C4013: 'musicUnload' sin definir; se supone que extern devuelve como resultado int
c:\development\pbl-1\pbl1\demo\jokua.c(495): warning C4244: 'función': conversión de 'double' a 'int'; posible pérdida de datos
  main.c
c:\development\pbl-1\pbl1\demo\main.c(16): warning C4101: 'sakatu': variable local sin referencia
  menu.c
c:\development\pbl-1\pbl1\demo\menu.c(42): warning C4244: 'función': conversión de 'double' a 'int'; posible pérdida de datos
c:\development\pbl-1\pbl1\demo\menu.c(58): warning C4244: 'función': conversión de 'double' a 'int'; posible pérdida de datos
c:\development\pbl-1\pbl1\demo\menu.c(59): warning C4244: 'función': conversión de 'double' a 'int'; posible pérdida de datos
c:\development\pbl-1\pbl1\demo\menu.c(60): warning C4244: 'función': conversión de 'double' a 'int'; posible pérdida de datos
c:\development\pbl-1\pbl1\demo\menu.c(67): warning C4244: 'función': conversión de 'double' a 'int'; posible pérdida de datos
  plataformak.c
  sua.c
c:\development\pbl-1\pbl1\demo\sua.c(127): warning C4244: 'función': conversión de 'double' a 'int'; posible pérdida de datos
  Generando código...
  Demo.vcxproj -> C:\Development\PBL-1\PBL1\Debug\Demo.exe
