  ebentoak.c
  graphics.c
  imagen.c
  soinua.c
  text.c
  enemigo.c
  jokalaria.c
d:\visual studio\program\pbl\pbl1\demo\jokalaria.c(19): warning C4244: '=': conversión de 'double' a 'int'; posible pérdida de datos
d:\visual studio\program\pbl\pbl1\demo\jokalaria.c(23): warning C4244: '=': conversión de 'double' a 'int'; posible pérdida de datos
  jokua.c
d:\visual studio\program\pbl\pbl1\demo\jokua.c(255): warning C4244: 'función': conversión de 'double' a 'int'; posible pérdida de datos
  main.c
  plataformak.c
  Generando código...
ebentoak.obj : error LNK2019: símbolo externo SDL_PollEvent sin resolver al que se hace referencia en la función ebentuaJasoGertatuBada
main.obj : error LNK2019: símbolo externo SDL_GetError sin resolver al que se hace referencia en la función __local_stdio_printf_options
graphics.obj : error LNK2001: símbolo externo SDL_GetError sin resolver
imagen.obj : error LNK2001: símbolo externo SDL_GetError sin resolver
soinua.obj : error LNK2001: símbolo externo SDL_GetError sin resolver
text.obj : error LNK2001: símbolo externo SDL_GetError sin resolver
graphics.obj : error LNK2019: símbolo externo SDL_CreateWindow sin resolver al que se hace referencia en la función sgHasieratu
graphics.obj : error LNK2019: símbolo externo SDL_DestroyWindow sin resolver al que se hace referencia en la función sgItxi
graphics.obj : error LNK2019: símbolo externo SDL_CreateRenderer sin resolver al que se hace referencia en la función sgHasieratu
graphics.obj : error LNK2019: símbolo externo SDL_SetRenderDrawColor sin resolver al que se hace referencia en la función pantailaGarbitu
graphics.obj : error LNK2019: símbolo externo SDL_RenderClear sin resolver al que se hace referencia en la función pantailaGarbitu
graphics.obj : error LNK2019: símbolo externo SDL_RenderDrawPoint sin resolver al que se hace referencia en la función puntuaMarraztu
graphics.obj : error LNK2019: símbolo externo SDL_RenderDrawLine sin resolver al que se hace referencia en la función zirkuluaMarraztu
graphics.obj : error LNK2019: símbolo externo SDL_RenderCopy sin resolver al que se hace referencia en la función irudiaMarraztu
text.obj : error LNK2001: símbolo externo SDL_RenderCopy sin resolver
graphics.obj : error LNK2019: símbolo externo SDL_RenderPresent sin resolver al que se hace referencia en la función pantailaBerriztu
graphics.obj : error LNK2019: símbolo externo SDL_Init sin resolver al que se hace referencia en la función sgHasieratu
graphics.obj : error LNK2019: símbolo externo SDL_Quit sin resolver al que se hace referencia en la función sgHasieratu
graphics.obj : error LNK2019: símbolo externo TTF_Init sin resolver al que se hace referencia en la función sgHasieratu
graphics.obj : error LNK2019: símbolo externo TTF_Quit sin resolver al que se hace referencia en la función sgHasieratu
imagen.obj : error LNK2019: símbolo externo SDL_RWFromFile sin resolver al que se hace referencia en la función irudiaKargatu
soinua.obj : error LNK2001: símbolo externo SDL_RWFromFile sin resolver
imagen.obj : error LNK2019: símbolo externo SDL_MapRGB sin resolver al que se hace referencia en la función irudiaKargatu
imagen.obj : error LNK2019: símbolo externo SDL_FreeSurface sin resolver al que se hace referencia en la función irudiaKargatu
text.obj : error LNK2001: símbolo externo SDL_FreeSurface sin resolver
imagen.obj : error LNK2019: símbolo externo SDL_LoadBMP_RW sin resolver al que se hace referencia en la función irudiaKargatu
imagen.obj : error LNK2019: símbolo externo SDL_SetColorKey sin resolver al que se hace referencia en la función irudiaKargatu
imagen.obj : error LNK2019: símbolo externo SDL_CreateTextureFromSurface sin resolver al que se hace referencia en la función irudiaKargatu
text.obj : error LNK2001: símbolo externo SDL_CreateTextureFromSurface sin resolver
imagen.obj : error LNK2019: símbolo externo SDL_DestroyTexture sin resolver al que se hace referencia en la función irudiaKendu
text.obj : error LNK2001: símbolo externo SDL_DestroyTexture sin resolver
soinua.obj : error LNK2019: símbolo externo Mix_Quit sin resolver al que se hace referencia en la función audioTerminate
soinua.obj : error LNK2019: símbolo externo Mix_OpenAudio sin resolver al que se hace referencia en la función audioInit
soinua.obj : error LNK2019: símbolo externo Mix_LoadWAV_RW sin resolver al que se hace referencia en la función loadSound
soinua.obj : error LNK2019: símbolo externo Mix_LoadMUS sin resolver al que se hace referencia en la función loadTheMusic
soinua.obj : error LNK2019: símbolo externo Mix_FreeChunk sin resolver al que se hace referencia en la función soundsUnload
soinua.obj : error LNK2019: símbolo externo Mix_FreeMusic sin resolver al que se hace referencia en la función musicUnload
soinua.obj : error LNK2019: símbolo externo Mix_PlayChannelTimed sin resolver al que se hace referencia en la función playSound
soinua.obj : error LNK2019: símbolo externo Mix_PlayMusic sin resolver al que se hace referencia en la función loadTheMusic
soinua.obj : error LNK2019: símbolo externo Mix_HaltChannel sin resolver al que se hace referencia en la función audioTerminate
soinua.obj : error LNK2019: símbolo externo Mix_HaltMusic sin resolver al que se hace referencia en la función loadTheMusic
soinua.obj : error LNK2019: símbolo externo Mix_PauseMusic sin resolver al que se hace referencia en la función toggleMusic
soinua.obj : error LNK2019: símbolo externo Mix_ResumeMusic sin resolver al que se hace referencia en la función toggleMusic
soinua.obj : error LNK2019: símbolo externo Mix_PausedMusic sin resolver al que se hace referencia en la función toggleMusic
soinua.obj : error LNK2019: símbolo externo Mix_PlayingMusic sin resolver al que se hace referencia en la función loadTheMusic
text.obj : error LNK2019: símbolo externo TTF_OpenFontIndex sin resolver al que se hace referencia en la función textuaGaitu
text.obj : error LNK2019: símbolo externo TTF_RenderText_Solid sin resolver al que se hace referencia en la función textuaIdatzi
text.obj : error LNK2019: símbolo externo TTF_CloseFont sin resolver al que se hace referencia en la función textuaDesgaitu
MSVCRTD.lib(exe_main.obj) : error LNK2019: símbolo externo main sin resolver al que se hace referencia en la función "int __cdecl invoke_main(void)" (?invoke_main@@YAHXZ)
SDL2.lib : warning LNK4272: el tipo de máquina de biblioteca 'x86' está en conflicto con el tipo de máquina de destino 'x64'
SDL2main.lib : warning LNK4272: el tipo de máquina de biblioteca 'x86' está en conflicto con el tipo de máquina de destino 'x64'
SDL2_image.lib : warning LNK4272: el tipo de máquina de biblioteca 'x86' está en conflicto con el tipo de máquina de destino 'x64'
SDL2_mixer.lib : warning LNK4272: el tipo de máquina de biblioteca 'x86' está en conflicto con el tipo de máquina de destino 'x64'
SDL2_ttf.lib : warning LNK4272: el tipo de máquina de biblioteca 'x86' está en conflicto con el tipo de máquina de destino 'x64'
D:\Visual Studio\Program\PBL\PBL1\x64\Debug\Demo.exe : fatal error LNK1120: 40 externos sin resolver
